<?xml version="1.0"?>
<testsuite name="Chrome 139.0.0.0 (Windows 10)" package="" timestamp="2025-08-15T07:43:16" id="0" hostname="DESKTOP-2SQNLIN" tests="3" errors="0" failures="0" time="0.112">
  <properties>
    <property name="browser.fullName" value="Mozilla/5.0 (Windows NT 10.0; Win64; x64) AppleWebKit/537.36 (KHTML, like Gecko) Chrome/139.0.0.0 Safari/537.36"/>
  </properties>
  <testcase name="AppComponent should have the 'app' title" time="0.089" classname="AppComponent"/>
  <testcase name="AppComponent should render title" time="0.016" classname="AppComponent"/>
  <testcase name="AppComponent should create the app" time="0.007" classname="AppComponent"/>
  <system-out>
    <![CDATA[
]]>
  </system-out>
  <system-err/>
</testsuite>